# JRE version: OpenJDK Runtime Environment (8.0_76-b03) (build 1.8.0_76-release-b03)
# Java VM: OpenJDK 64-Bit Server VM (25.76-b03 mixed mode windows-amd64 compressed oops)
Heap:
 PSYoungGen      total 409600K, used 58441K [0x00000000e0000000, 0x00000000ff500000, 0x0000000100000000)
  eden space 323584K, 11% used [0x00000000e0000000,0x00000000e2518ff8,0x00000000f3c00000)
  from space 86016K, 23% used [0x00000000fa100000,0x00000000fb4f94c8,0x00000000ff500000)
  to   space 94720K, 0% used [0x00000000f3c00000,0x00000000f3c00000,0x00000000f9880000)
 ParOldGen       total 152576K, used 35511K [0x00000000a0000000, 0x00000000a9500000, 0x00000000e0000000)
  object space 152576K, 23% used [0x00000000a0000000,0x00000000a22adea0,0x00000000a9500000)
 Metaspace       used 71259K, capacity 74464K, committed 75392K, reserved 1116160K
  class space    used 8774K, capacity 9299K, committed 9600K, reserved 1048576K
GC Heap History (10 events):
Event: 2242.347 GC heap before
{Heap before GC invocations=48 (full 9):
 PSYoungGen      total 438272K, used 409222K [0x00000000e0000000, 0x0000000100000000, 0x0000000100000000)
  eden space 358400K, 100% used [0x00000000e0000000,0x00000000f5e00000,0x00000000f5e00000)
  from space 79872K, 63% used [0x00000000fb100000,0x00000000fe2a1a00,0x00000000fff00000)
  to   space 82944K, 0% used [0x00000000f5e00000,0x00000000f5e00000,0x00000000faf00000)
 ParOldGen       total 152576K, used 44946K [0x00000000a0000000, 0x00000000a9500000, 0x00000000e0000000)
  object space 152576K, 29% used [0x00000000a0000000,0x00000000a2be4a40,0x00000000a9500000)
 Metaspace       used 71644K, capacity 75140K, committed 75392K, reserved 1116160K
  class space    used 8899K, capacity 9528K, committed 9600K, reserved 1048576K
Event: 2244.500 GC heap after
Heap after GC invocations=48 (full 9):
 PSYoungGen      total 441344K, used 82932K [0x00000000e0000000, 0x0000000100000000, 0x0000000100000000)
  eden space 358400K, 0% used [0x00000000e0000000,0x00000000e0000000,0x00000000f5e00000)
  from space 82944K, 99% used [0x00000000f5e00000,0x00000000faefd340,0x00000000faf00000)
  to   space 82944K, 0% used [0x00000000faf00000,0x00000000faf00000,0x0000000100000000)
 ParOldGen       total 152576K, used 55575K [0x00000000a0000000, 0x00000000a9500000, 0x00000000e0000000)
  object space 152576K, 36% used [0x00000000a0000000,0x00000000a3645cf8,0x00000000a9500000)
 Metaspace       used 71644K, capacity 75140K, committed 75392K, reserved 1116160K
  class space    used 8899K, capacity 9528K, committed 9600K, reserved 1048576K
}
Event: 2250.354 GC heap before
{Heap before GC invocations=49 (full 9):
 PSYoungGen      total 441344K, used 440669K [0x00000000e0000000, 0x0000000100000000, 0x0000000100000000)
  eden space 358400K, 99% used [0x00000000e0000000,0x00000000f5d5a458,0x00000000f5e00000)
  from space 82944K, 99% used [0x00000000f5e00000,0x00000000faefd340,0x00000000faf00000)
  to   space 82944K, 0% used [0x00000000faf00000,0x00000000faf00000,0x0000000100000000)
 ParOldGen       total 152576K, used 55575K [0x00000000a0000000, 0x00000000a9500000, 0x00000000e0000000)
  object space 152576K, 36% used [0x00000000a0000000,0x00000000a3645cf8,0x00000000a9500000)
 Metaspace       used 71675K, capacity 75148K, committed 75392K, reserved 1116160K
  class space    used 8899K, capacity 9528K, committed 9600K, reserved 1048576K
Event: 2250.449 GC heap after
Heap after GC invocations=49 (full 9):
 PSYoungGen      total 400384K, used 60666K [0x00000000e0000000, 0x0000000100000000, 0x0000000100000000)
  eden space 317440K, 0% used [0x00000000e0000000,0x00000000e0000000,0x00000000f3600000)
  from space 82944K, 73% used [0x00000000faf00000,0x00000000fea3e908,0x0000000100000000)
  to   space 103424K, 0% used [0x00000000f3600000,0x00000000f3600000,0x00000000f9b00000)
 ParOldGen       total 152576K, used 55583K [0x00000000a0000000, 0x00000000a9500000, 0x00000000e0000000)
  object space 152576K, 36% used [0x00000000a0000000,0x00000000a3647cf8,0x00000000a9500000)
 Metaspace       used 71675K, capacity 75148K, committed 75392K, reserved 1116160K
  class space    used 8899K, capacity 9528K, committed 9600K, reserved 1048576K
}
Event: 2251.026 GC heap before
{Heap before GC invocations=50 (full 9):
 PSYoungGen      total 400384K, used 100126K [0x00000000e0000000, 0x0000000100000000, 0x0000000100000000)
  eden space 317440K, 12% used [0x00000000e0000000,0x00000000e2689218,0x00000000f3600000)
  from space 82944K, 73% used [0x00000000faf00000,0x00000000fea3e908,0x0000000100000000)
  to   space 103424K, 0% used [0x00000000f3600000,0x00000000f3600000,0x00000000f9b00000)
 ParOldGen       total 152576K, used 55583K [0x00000000a0000000, 0x00000000a9500000, 0x00000000e0000000)
  object space 152576K, 36% used [0x00000000a0000000,0x00000000a3647cf8,0x00000000a9500000)
 Metaspace       used 71681K, capacity 75212K, committed 75392K, reserved 1116160K
  class space    used 8899K, capacity 9528K, committed 9600K, reserved 1048576K
Event: 2251.111 GC heap after
Heap after GC invocations=50 (full 9):
 PSYoungGen      total 420864K, used 40197K [0x00000000e0000000, 0x0000000100000000, 0x0000000100000000)
  eden space 317440K, 0% used [0x00000000e0000000,0x00000000e0000000,0x00000000f3600000)
  from space 103424K, 38% used [0x00000000f3600000,0x00000000f5d41750,0x00000000f9b00000)
  to   space 97280K, 0% used [0x00000000fa100000,0x00000000fa100000,0x0000000100000000)
 ParOldGen       total 152576K, used 55583K [0x00000000a0000000, 0x00000000a9500000, 0x00000000e0000000)
  object space 152576K, 36% used [0x00000000a0000000,0x00000000a3647cf8,0x00000000a9500000)
 Metaspace       used 71681K, capacity 75212K, committed 75392K, reserved 1116160K
  class space    used 8899K, capacity 9528K, committed 9600K, reserved 1048576K
}
Event: 2251.111 GC heap before
{Heap before GC invocations=51 (full 10):
 PSYoungGen      total 420864K, used 40197K [0x00000000e0000000, 0x0000000100000000, 0x0000000100000000)
  eden space 317440K, 0% used [0x00000000e0000000,0x00000000e0000000,0x00000000f3600000)
  from space 103424K, 38% used [0x00000000f3600000,0x00000000f5d41750,0x00000000f9b00000)
  to   space 97280K, 0% used [0x00000000fa100000,0x00000000fa100000,0x0000000100000000)
 ParOldGen       total 152576K, used 55583K [0x00000000a0000000, 0x00000000a9500000, 0x00000000e0000000)
  object space 152576K, 36% used [0x00000000a0000000,0x00000000a3647cf8,0x00000000a9500000)
 Metaspace       used 71681K, capacity 75212K, committed 75392K, reserved 1116160K
  class space    used 8899K, capacity 9528K, committed 9600K, reserved 1048576K
Event: 2252.410 GC heap after
Heap after GC invocations=51 (full 10):
 PSYoungGen      total 420864K, used 0K [0x00000000e0000000, 0x0000000100000000, 0x0000000100000000)
  eden space 317440K, 0% used [0x00000000e0000000,0x00000000e0000000,0x00000000f3600000)
  from space 103424K, 0% used [0x00000000f3600000,0x00000000f3600000,0x00000000f9b00000)
  to   space 97280K, 0% used [0x00000000fa100000,0x00000000fa100000,0x0000000100000000)
 ParOldGen       total 152576K, used 35503K [0x00000000a0000000, 0x00000000a9500000, 0x00000000e0000000)
  object space 152576K, 23% used [0x00000000a0000000,0x00000000a22abea0,0x00000000a9500000)
 Metaspace       used 70192K, capacity 73336K, committed 75392K, reserved 1116160K
  class space    used 8692K, capacity 9189K, committed 9600K, reserved 1048576K
}
Event: 2468.529 GC heap before
{Heap before GC invocations=52 (full 10):
 PSYoungGen      total 420864K, used 317440K [0x00000000e0000000, 0x0000000100000000, 0x0000000100000000)
  eden space 317440K, 100% used [0x00000000e0000000,0x00000000f3600000,0x00000000f3600000)
  from space 103424K, 0% used [0x00000000f3600000,0x00000000f3600000,0x00000000f9b00000)
  to   space 97280K, 0% used [0x00000000fa100000,0x00000000fa100000,0x0000000100000000)
 ParOldGen       total 152576K, used 35503K [0x00000000a0000000, 0x00000000a9500000, 0x00000000e0000000)
  object space 152576K, 23% used [0x00000000a0000000,0x00000000a22abea0,0x00000000a9500000)
 Metaspace       used 71197K, capacity 74384K, committed 75392K, reserved 1116160K
  class space    used 8774K, capacity 9299K, committed 9600K, reserved 1048576K
Event: 2468.605 GC heap after
Heap after GC invocations=52 (full 10):
 PSYoungGen      total 409600K, used 20453K [0x00000000e0000000, 0x00000000ff500000, 0x0000000100000000)
  eden space 323584K, 0% used [0x00000000e0000000,0x00000000e0000000,0x00000000f3c00000)
  from space 86016K, 23% used [0x00000000fa100000,0x00000000fb4f94c8,0x00000000ff500000)
  to   space 94720K, 0% used [0x00000000f3c00000,0x00000000f3c00000,0x00000000f9880000)
 ParOldGen       total 152576K, used 35511K [0x00000000a0000000, 0x00000000a9500000, 0x00000000e0000000)
  object space 152576K, 23% used [0x00000000a0000000,0x00000000a22adea0,0x00000000a9500000)
 Metaspace       used 71197K, capacity 74384K, committed 75392K, reserved 1116160K
  class space    used 8774K, capacity 9299K, committed 9600K, reserved 1048576K
}

